<?xml version="1.0" encoding="UTF-8"?>
<testng-results ignored="0" total="1" passed="1" failed="0" skipped="0">
  <reporter-output>
  </reporter-output>
  <suite started-at="2026-06-23T19:40:25Z" name="Suite" finished-at="2026-06-23T19:40:33Z" duration-ms="8523">
    <groups>
    </groups>
    <test started-at="2026-06-23T19:40:25Z" name="Test" finished-at="2026-06-23T19:40:33Z" duration-ms="8523">
      <class name="com.mpenag.training.SampleSeleniumTest">
        <test-method is-config="true" signature="startBrowser()[pri:0, instance:com.mpenag.training.SampleSeleniumTest@5ac86ba5]" started-at="2026-06-23T19:40:25Z" name="startBrowser" finished-at="2026-06-23T19:40:26Z" duration-ms="1608" status="PASS">
          <reporter-output>
          </reporter-output>
        </test-method> <!-- startBrowser -->
        <test-method signature="validateGoogleId()[pri:0, instance:com.mpenag.training.SampleSeleniumTest@5ac86ba5]" started-at="2026-06-23T19:40:26Z" name="validateGoogleId" finished-at="2026-06-23T19:40:33Z" duration-ms="6701" status="PASS">
          <reporter-output>
          </reporter-output>
        </test-method> <!-- validateGoogleId -->
        <test-method is-config="true" signature="closeBrowser()[pri:0, instance:com.mpenag.training.SampleSeleniumTest@5ac86ba5]" started-at="2026-06-23T19:40:33Z" name="closeBrowser" finished-at="2026-06-23T19:40:33Z" duration-ms="180" status="PASS">
          <reporter-output>
          </reporter-output>
        </test-method> <!-- closeBrowser -->
      </class> <!-- com.mpenag.training.SampleSeleniumTest -->
    </test> <!-- Test -->
  </suite> <!-- Suite -->
</testng-results>
