<?xml version="1.0" encoding="UTF-8"?>
<testsuite xmlns:xsi="http://www.w3.org/2001/XMLSchema-instance" xsi:noNamespaceSchemaLocation="https://maven.apache.org/surefire/maven-surefire-plugin/xsd/surefire-test-report.xsd" version="3.0.2" name="TestSuite" time="2.358" tests="5" errors="0" skipped="2" failures="1">
  <properties>
[...]
</properties>
  <testcase name="startBrowser" classname="com.mpenag.training.SampleSeleniumTest" time="2.162">
    <failure message="session not created: This version of ChromeDriver only supports Chrome version 150&#10;Current browser version is 149.0.7827.103 with binary path C:\Program Files\Google\Chrome\Application\chrome.exe&#10;Build info: version: &apos;3.14.0&apos;, revision: &apos;aacccce0&apos;, time: &apos;2018-08-02T20:19:58.91Z&apos;&#10;System info: host: &apos;DELL-MISAEL&apos;, ip: &apos;192.168.1.65&apos;, os.name: &apos;Windows 11&apos;, os.arch: &apos;amd64&apos;, os.version: &apos;10.0&apos;, java.version: &apos;21.0.8&apos;&#10;Driver info: driver.version: ChromeDriver&#10;remote stacktrace: 	chromedriver!GetHandleVerifier [0x7ff7ce8197b5+15b85]&#10;	chromedriver!GetHandleVerifier [0x7ff7ce819810+15be0]&#10;	chromedriver!(No symbol) [0x7ff7ce335c6d]&#10;	chromedriver!(No symbol) [0x7ff7ce37fa4d]&#10;	chromedriver!(No symbol) [0x7ff7ce37e795]&#10;	chromedriver!(No symbol) [0x7ff7ce378cad]&#10;	chromedriver!(No symbol) [0x7ff7ce37378f]&#10;	chromedriver!(No symbol) [0x7ff7ce3c77e1]&#10;	chromedriver!(No symbol) [0x7ff7ce3c7046]&#10;	chromedriver!(No symbol) [0x7ff7ce3830a8]&#10;	chromedriver!(No symbol) [0x7ff7ce383fa3]&#10;	chromedriver!GetHandleVerifier [0x7ff7cedcfdf1+5cc1c1]&#10;	chromedriver!GetHandleVerifier [0x7ff7cedca3aa+5c677a]&#10;	chromedriver!GetHandleVerifier [0x7ff7ceded205+5e95d5]&#10;	chromedriver!GetHandleVerifier [0x7ff7ce837dae+3417e]&#10;	chromedriver!GetHandleVerifier [0x7ff7ce840acc+3ce9c]&#10;	chromedriver!GetHandleVerifier [0x7ff7ce823884+1fc54]&#10;	chromedriver!GetHandleVerifier [0x7ff7ce823a14+1fde4]&#10;	chromedriver!GetHandleVerifier [0x7ff7ce805ce7+20b7]&#10;	KERNEL32!BaseThreadInitThunk [0x7ffc4428e957+17]&#10;	ntdll!RtlUserThreadStart [0x7ffc46567c1c+2c]&#10;" type="org.openqa.selenium.SessionNotCreatedException"><![CDATA[org.openqa.selenium.SessionNotCreatedException: 
session not created: This version of ChromeDriver only supports Chrome version 150
Current browser version is 149.0.7827.103 with binary path C:\Program Files\Google\Chrome\Application\chrome.exe
Build info: version: '3.14.0', revision: 'aacccce0', time: '2018-08-02T20:19:58.91Z'
System info: host: 'DELL-MISAEL', ip: '192.168.1.65', os.name: 'Windows 11', os.arch: 'amd64', os.version: '10.0', java.version: '21.0.8'
Driver info: driver.version: ChromeDriver
remote stacktrace: 	chromedriver!GetHandleVerifier [0x7ff7ce8197b5+15b85]
	chromedriver!GetHandleVerifier [0x7ff7ce819810+15be0]
	chromedriver!(No symbol) [0x7ff7ce335c6d]
	chromedriver!(No symbol) [0x7ff7ce37fa4d]
	chromedriver!(No symbol) [0x7ff7ce37e795]
	chromedriver!(No symbol) [0x7ff7ce378cad]
	chromedriver!(No symbol) [0x7ff7ce37378f]
	chromedriver!(No symbol) [0x7ff7ce3c77e1]
	chromedriver!(No symbol) [0x7ff7ce3c7046]
	chromedriver!(No symbol) [0x7ff7ce3830a8]
	chromedriver!(No symbol) [0x7ff7ce383fa3]
	chromedriver!GetHandleVerifier [0x7ff7cedcfdf1+5cc1c1]
	chromedriver!GetHandleVerifier [0x7ff7cedca3aa+5c677a]
	chromedriver!GetHandleVerifier [0x7ff7ceded205+5e95d5]
	chromedriver!GetHandleVerifier [0x7ff7ce837dae+3417e]
	chromedriver!GetHandleVerifier [0x7ff7ce840acc+3ce9c]
	chromedriver!GetHandleVerifier [0x7ff7ce823884+1fc54]
	chromedriver!GetHandleVerifier [0x7ff7ce823a14+1fde4]
	chromedriver!GetHandleVerifier [0x7ff7ce805ce7+20b7]
	KERNEL32!BaseThreadInitThunk [0x7ffc4428e957+17]
	ntdll!RtlUserThreadStart [0x7ffc46567c1c+2c]

	at java.base/jdk.internal.reflect.DirectConstructorHandleAccessor.newInstance(DirectConstructorHandleAccessor.java:62)
	at java.base/java.lang.reflect.Constructor.newInstanceWithCaller(Constructor.java:502)
	at java.base/java.lang.reflect.Constructor.newInstance(Constructor.java:486)
	at org.openqa.selenium.remote.W3CHandshakeResponse.lambda$new$0(W3CHandshakeResponse.java:57)
	at org.openqa.selenium.remote.W3CHandshakeResponse.lambda$getResponseFunction$2(W3CHandshakeResponse.java:104)
	at org.openqa.selenium.remote.ProtocolHandshake.lambda$createSession$0(ProtocolHandshake.java:122)
	at java.base/java.util.stream.ReferencePipeline$3$1.accept(ReferencePipeline.java:197)
	at java.base/java.util.Spliterators$ArraySpliterator.tryAdvance(Spliterators.java:1034)
	at java.base/java.util.stream.ReferencePipeline.forEachWithCancel(ReferencePipeline.java:129)
	at java.base/java.util.stream.AbstractPipeline.copyIntoWithCancel(AbstractPipeline.java:527)
	at java.base/java.util.stream.AbstractPipeline.copyInto(AbstractPipeline.java:513)
	at java.base/java.util.stream.AbstractPipeline.wrapAndCopyInto(AbstractPipeline.java:499)
	at java.base/java.util.stream.FindOps$FindOp.evaluateSequential(FindOps.java:150)
	at java.base/java.util.stream.AbstractPipeline.evaluate(AbstractPipeline.java:234)
	at java.base/java.util.stream.ReferencePipeline.findFirst(ReferencePipeline.java:647)
	at org.openqa.selenium.remote.ProtocolHandshake.createSession(ProtocolHandshake.java:125)
	at org.openqa.selenium.remote.ProtocolHandshake.createSession(ProtocolHandshake.java:73)
	at org.openqa.selenium.remote.HttpCommandExecutor.execute(HttpCommandExecutor.java:136)
	at org.openqa.selenium.remote.service.DriverCommandExecutor.execute(DriverCommandExecutor.java:83)
	at org.openqa.selenium.remote.RemoteWebDriver.execute(RemoteWebDriver.java:548)
	at org.openqa.selenium.remote.RemoteWebDriver.startSession(RemoteWebDriver.java:212)
	at org.openqa.selenium.remote.RemoteWebDriver.<init>(RemoteWebDriver.java:130)
	at org.openqa.selenium.chrome.ChromeDriver.<init>(ChromeDriver.java:181)
	at org.openqa.selenium.chrome.ChromeDriver.<init>(ChromeDriver.java:168)
	at org.openqa.selenium.chrome.ChromeDriver.<init>(ChromeDriver.java:157)
	at com.mpenag.training.SampleSeleniumTest.startBrowser(SampleSeleniumTest.java:21)
	at java.base/jdk.internal.reflect.DirectMethodHandleAccessor.invoke(DirectMethodHandleAccessor.java:103)
	at java.base/java.lang.reflect.Method.invoke(Method.java:580)
	at org.testng.internal.MethodInvocationHelper.invokeMethod(MethodInvocationHelper.java:124)
	at org.testng.internal.MethodInvocationHelper.invokeMethodConsideringTimeout(MethodInvocationHelper.java:59)
	at org.testng.internal.Invoker.invokeConfigurationMethod(Invoker.java:458)
	at org.testng.internal.Invoker.invokeConfigurations(Invoker.java:222)
	at org.testng.internal.Invoker.invokeConfigurations(Invoker.java:142)
	at org.testng.internal.TestMethodWorker.invokeBeforeClassMethods(TestMethodWorker.java:168)
	at org.testng.internal.TestMethodWorker.run(TestMethodWorker.java:105)
	at org.testng.TestRunner.privateRun(TestRunner.java:648)
	at org.testng.TestRunner.run(TestRunner.java:505)
	at org.testng.SuiteRunner.runTest(SuiteRunner.java:455)
	at org.testng.SuiteRunner.runSequentially(SuiteRunner.java:450)
	at org.testng.SuiteRunner.privateRun(SuiteRunner.java:415)
	at org.testng.SuiteRunner.run(SuiteRunner.java:364)
	at org.testng.SuiteRunnerWorker.runSuite(SuiteRunnerWorker.java:52)
	at org.testng.SuiteRunnerWorker.run(SuiteRunnerWorker.java:84)
	at org.testng.TestNG.runSuitesSequentially(TestNG.java:1208)
	at org.testng.TestNG.runSuitesLocally(TestNG.java:1137)
	at org.testng.TestNG.runSuites(TestNG.java:1049)
	at org.testng.TestNG.run(TestNG.java:1017)
	at org.apache.maven.surefire.testng.TestNGExecutor.run(TestNGExecutor.java:155)
	at org.apache.maven.surefire.testng.TestNGDirectoryTestSuite.executeMulti(TestNGDirectoryTestSuite.java:169)
	at org.apache.maven.surefire.testng.TestNGDirectoryTestSuite.execute(TestNGDirectoryTestSuite.java:88)
	at org.apache.maven.surefire.testng.TestNGProvider.invoke(TestNGProvider.java:137)
	at org.apache.maven.surefire.booter.ForkedBooter.runSuitesInProcess(ForkedBooter.java:385)
	at org.apache.maven.surefire.booter.ForkedBooter.execute(ForkedBooter.java:162)
	at org.apache.maven.surefire.booter.ForkedBooter.run(ForkedBooter.java:507)
	at org.apache.maven.surefire.booter.ForkedBooter.main(ForkedBooter.java:495)
]]></failure>
    <system-err><![CDATA[Starting ChromeDriver 150.0.7871.24 (791ba97058eb8c1e257ea50380b0d8c6bb9b8f64-refs/branch-heads/7871@{#1392}) on port 24211
Only local connections are allowed.
Please see https://chromedriver.chromium.org/security-considerations for suggestions on keeping ChromeDriver safe.
ChromeDriver was started successfully on port 24211.
]]></system-err>
  </testcase>
  <testcase name="validateGoogleId" classname="com.mpenag.training.SampleSeleniumTest" time="0.0">
    <skipped message="session not created: This version of ChromeDriver only supports Chrome version 150&#10;Current browser version is 149.0.7827.103 with binary path C:\Program Files\Google\Chrome\Application\chrome.exe&#10;Build info: version: &apos;3.14.0&apos;, revision: &apos;aacccce0&apos;, time: &apos;2018-08-02T20:19:58.91Z&apos;&#10;System info: host: &apos;DELL-MISAEL&apos;, ip: &apos;192.168.1.65&apos;, os.name: &apos;Windows 11&apos;, os.arch: &apos;amd64&apos;, os.version: &apos;10.0&apos;, java.version: &apos;21.0.8&apos;&#10;Driver info: driver.version: ChromeDriver&#10;remote stacktrace: 	chromedriver!GetHandleVerifier [0x7ff7ce8197b5+15b85]&#10;	chromedriver!GetHandleVerifier [0x7ff7ce819810+15be0]&#10;	chromedriver!(No symbol) [0x7ff7ce335c6d]&#10;	chromedriver!(No symbol) [0x7ff7ce37fa4d]&#10;	chromedriver!(No symbol) [0x7ff7ce37e795]&#10;	chromedriver!(No symbol) [0x7ff7ce378cad]&#10;	chromedriver!(No symbol) [0x7ff7ce37378f]&#10;	chromedriver!(No symbol) [0x7ff7ce3c77e1]&#10;	chromedriver!(No symbol) [0x7ff7ce3c7046]&#10;	chromedriver!(No symbol) [0x7ff7ce3830a8]&#10;	chromedriver!(No symbol) [0x7ff7ce383fa3]&#10;	chromedriver!GetHandleVerifier [0x7ff7cedcfdf1+5cc1c1]&#10;	chromedriver!GetHandleVerifier [0x7ff7cedca3aa+5c677a]&#10;	chromedriver!GetHandleVerifier [0x7ff7ceded205+5e95d5]&#10;	chromedriver!GetHandleVerifier [0x7ff7ce837dae+3417e]&#10;	chromedriver!GetHandleVerifier [0x7ff7ce840acc+3ce9c]&#10;	chromedriver!GetHandleVerifier [0x7ff7ce823884+1fc54]&#10;	chromedriver!GetHandleVerifier [0x7ff7ce823a14+1fde4]&#10;	chromedriver!GetHandleVerifier [0x7ff7ce805ce7+20b7]&#10;	KERNEL32!BaseThreadInitThunk [0x7ffc4428e957+17]&#10;	ntdll!RtlUserThreadStart [0x7ffc46567c1c+2c]&#10;"/>
  </testcase>
  <testcase name="closeBrowser" classname="com.mpenag.training.SampleSeleniumTest" time="0.0">
    <skipped/>
  </testcase>
  <testcase name="addTest on addTest(com.mpenag.training.CalcTest)" classname="com.mpenag.training.CalcTest" time="0.0"/>
  <testcase name="subtractTest on subtractTest(com.mpenag.training.CalcTest)" classname="com.mpenag.training.CalcTest" time="0.0"/>
</testsuite>