<?xml version="1.0" encoding="UTF-8"?>
<testng-results ignored="0" total="1" passed="1" failed="0" skipped="0">
  <reporter-output>
  </reporter-output>
  <suite started-at="2026-06-23T19:43:28Z" name="Surefire suite" finished-at="2026-06-23T19:43:36Z" duration-ms="8618">
    <groups>
    </groups>
    <test started-at="2026-06-23T19:43:28Z" name="Surefire test" finished-at="2026-06-23T19:43:36Z" duration-ms="8618">
      <class name="com.mpenag.training.SampleSeleniumTest">
        <test-method is-config="true" signature="startBrowser()[pri:0, instance:com.mpenag.training.SampleSeleniumTest@5606c0b]" started-at="2026-06-23T19:43:28Z" name="startBrowser" finished-at="2026-06-23T19:43:29Z" duration-ms="1325" status="PASS">
          <reporter-output>
          </reporter-output>
        </test-method> <!-- startBrowser -->
        <test-method signature="validateGoogleId()[pri:0, instance:com.mpenag.training.SampleSeleniumTest@5606c0b]" started-at="2026-06-23T19:43:29Z" name="validateGoogleId" finished-at="2026-06-23T19:43:36Z" duration-ms="6947" status="PASS">
          <reporter-output>
          </reporter-output>
        </test-method> <!-- validateGoogleId -->
        <test-method is-config="true" signature="closeBrowser()[pri:0, instance:com.mpenag.training.SampleSeleniumTest@5606c0b]" started-at="2026-06-23T19:43:36Z" name="closeBrowser" finished-at="2026-06-23T19:43:36Z" duration-ms="335" status="PASS">
          <reporter-output>
          </reporter-output>
        </test-method> <!-- closeBrowser -->
      </class> <!-- com.mpenag.training.SampleSeleniumTest -->
    </test> <!-- Surefire test -->
  </suite> <!-- Surefire suite -->
</testng-results>
