<?xml version="1.0" encoding="UTF-8"?>
<testng-results ignored="0" total="2" passed="2" failed="0" skipped="0">
  <reporter-output>
  </reporter-output>
  <suite started-at="2026-06-23T19:43:36Z" name="Surefire suite" finished-at="2026-06-23T19:43:37Z" duration-ms="146">
    <groups>
    </groups>
    <test started-at="2026-06-23T19:43:36Z" name="Surefire test" finished-at="2026-06-23T19:43:37Z" duration-ms="146">
      <class name="com.mpenag.training.CalcTest">
        <test-method signature="addTest()" started-at="2026-06-23T19:43:37Z" name="addTest" finished-at="2026-06-23T19:43:37Z" duration-ms="41" status="PASS">
          <reporter-output>
          </reporter-output>
        </test-method> <!-- addTest -->
        <test-method signature="subtractTest()" started-at="2026-06-23T19:43:37Z" name="subtractTest" finished-at="2026-06-23T19:43:37Z" duration-ms="41" status="PASS">
          <reporter-output>
          </reporter-output>
        </test-method> <!-- subtractTest -->
      </class> <!-- com.mpenag.training.CalcTest -->
    </test> <!-- Surefire test -->
  </suite> <!-- Surefire suite -->
</testng-results>
