<?xml version="1.0" encoding="UTF-8"?>
<testsuite xmlns:xsi="http://www.w3.org/2001/XMLSchema-instance" xsi:noNamespaceSchemaLocation="https://maven.apache.org/surefire/maven-surefire-plugin/xsd/surefire-test-report.xsd" version="3.0.2" name="TestSuite" time="9.281" tests="3" errors="0" skipped="0" failures="0">
  <properties>
[...]
</properties>
  <testcase name="validateGoogleId" classname="com.mpenag.training.SampleSeleniumTest" time="6.95">
    <system-out><![CDATA[Opening Browser
Clicking Gmail Link
Entering username
Clicking Next button
]]></system-out>
    <system-err><![CDATA[Starting ChromeDriver 149.0.7827.115 (daf70f9ddee4b45d4f8870f574fbde61c0db4ca7-refs/branch-heads/7827_102@{#40}) on port 51856
Only local connections are allowed.
Please see https://chromedriver.chromium.org/security-considerations for suggestions on keeping ChromeDriver safe.
ChromeDriver was started successfully on port 51856.
jun 23, 2026 1:43:29 P. M. org.openqa.selenium.remote.ProtocolHandshake createSession
INFO: Detected dialect: W3C
]]></system-err>
  </testcase>
  <testcase name="addTest on addTest(com.mpenag.training.CalcTest)" classname="com.mpenag.training.CalcTest" time="0.006"/>
  <testcase name="subtractTest on subtractTest(com.mpenag.training.CalcTest)" classname="com.mpenag.training.CalcTest" time="0.002"/>
</testsuite>