<?xml version="1.0" encoding="UTF-8"?>
<!-- Generated by org.testng.reporters.JUnitXMLReporter -->
<testsuite ignored="0" hostname="Dell-Misael" failures="0" tests="2" name="Surefire test" time="0.146" errors="0" timestamp="23 jun 2026 19:43:37 GMT">
  <testcase classname="com.mpenag.training.CalcTest" name="addTest on addTest(com.mpenag.training.CalcTest)" time="0.041"/>
  <testcase classname="com.mpenag.training.CalcTest" name="subtractTest on subtractTest(com.mpenag.training.CalcTest)" time="0.041"/>
</testsuite> <!-- Surefire test -->
